         w __deregister_frame_info
         w __register_frame_info
         w userAppExit
         w userAppInit
00000000 00000401 B __ctru_dev_path_buf
00000000 a shift
00000000 a shift
00000000 b _TLS_MODULE_BASE_
00000404 00000802 B __ctru_dev_utf16_buf
00100000 A __start__
00100000 T _start
00100008 T __service_ptr
0010000c T __apt_appid
00100010 T __heap_size
00100014 T __linear_heap_size
00100018 T __system_arglist
0010001c T __system_runflags
00100020 t startup
00100058 t ClearMem
0010006c t ClrLoop
00100094 T _init
001000ac T __aeabi_uidiv
001000ac 000001ec T __udivsi3
001000ac t .udivsi3_skip_div0_test
00100298 00000020 T __aeabi_uidivmod
001002b8 T __aeabi_idiv
001002b8 00000220 T __divsi3
001002c0 t .divsi3_skip_div0_test
001004d8 00000020 T __aeabi_idivmod
001004f8 00000004 W __aeabi_idiv0
001004f8 00000004 W __aeabi_ldiv0
001004fc T __aeabi_ldivmod
001005e8 00000390 T strcmp
00100970 t __do_global_dtors_aux
001009b0 t frame_dummy
001009dc 00000068 T newEmptyGrid
00100a44 0000007c T fillGridRandom
00100ac0 0000001c T destroyGrid
00100adc 000001c8 T checkNeighbours
00100ca4 00000034 T updateCell
00100cd8 000000d8 T drawGrid
00100db0 00000040 T getTitle
00100df0 00000068 T updateGrid
00100e58 000002b4 T main
0010110c 00000034 t C2Di_FrameEndHook
00101140 00000330 T C2D_Init
00101470 00000044 T C2D_Fini
001014b4 000000d0 T C2D_Prepare
00101584 0000003c T C2D_Flush
001015c0 00000108 T C2D_SceneSize
001016c8 00000058 T C2D_CreateScreenTarget
00101720 00000058 T C2D_TargetClear
00101778 0000022c T C2Di_Update
001019a4 000001b0 T C2D_DrawRectangle
00101b54 00000004 W C3Di_LightEnvUpdate
00101b58 00000004 W C3Di_LightEnvDirty
00101b5c 000000b4 t C3Di_AptEventHook
00101c10 00000004 W C3Di_GasUpdate
00101c14 000001e0 T C3D_Init
00101df4 00000098 T C3D_SetViewport
00101e8c 000004ec T C3Di_UpdateContext
00102378 000000e0 T C3Di_SplitFrame
00102458 00000044 T C3D_Fini
0010249c 00000108 T C3D_BindProgram
001025a4 0000004c t onVBlank0
001025f0 0000004c t onVBlank1
0010263c 00000080 t C3Di_RenderTargetDestroy
001026bc 000000f4 t onQueueFinish
001027b0 00000038 T C3Di_RenderQueueEnableVBlank
001027e8 00000030 T C3Di_RenderQueueDisableVBlank
00102818 00000060 T C3Di_RenderQueueInit
00102878 000000b0 T C3Di_RenderQueueExit
00102928 00000034 T C3Di_RenderQueueWaitDone
0010295c 000000e4 T C3D_FrameBegin
00102a40 00000048 T C3D_FrameDrawOn
00102a88 00000058 T C3D_FrameSplit
00102ae0 000001d8 T C3D_FrameEnd
00102cb8 0000001c T C3D_FrameEndHook
00102cd4 00000128 T C3D_RenderTargetCreate
00102dfc 000000a8 T C3D_RenderTargetSetOutput
00102ea4 00000044 T C3D_TexBind
00102ee8 0000016c T C3Di_SetTex
00103054 0000001c T C3D_CalcColorBufSize
00103070 0000001c T C3D_CalcDepthBufSize
0010308c 00000044 T C3D_SetFrameBuf
001030d0 0000016c T C3Di_FrameBufBind
0010323c 000000cc T C3D_FrameBufClear
00103308 00000044 T C3D_FrameBufTransfer
0010334c 00000034 T C3D_GetTexEnv
00103380 00000024 T C3Di_TexEnvBind
001033a4 00000070 T C3D_ProcTexInit
00103414 00000054 T C3D_ProcTexBind
00103468 0000005c T C3D_ProcTexLutBind
001034c4 000000a4 T ProcTexLut_FromArray
00103568 0000017c T C3Di_ProcTexUpdate
001036e4 00000068 T C3Di_ProcTexDirty
0010374c 00000024 T BufInfo_Init
00103770 00000080 T BufInfo_Add
001037f0 00000040 T C3D_SetBufInfo
00103830 00000048 T C3Di_BufInfoBind
00103878 00000148 T C3D_DrawArrays
001039c0 00000040 T C3D_DepthMap
00103a00 0000001c T C3D_CullFace
00103a1c 00000040 T C3D_StencilTest
00103a5c 00000024 T C3D_StencilOp
00103a80 0000001c T C3D_BlendingColor
00103a9c 00000024 T C3D_EarlyDepthTest
00103ac0 0000002c T C3D_DepthTest
00103aec 0000002c T C3D_AlphaTest
00103b18 00000050 T C3D_AlphaBlend
00103b68 00000030 T C3D_FragOpMode
00103b98 00000044 T C3D_FragOpShadow
00103bdc 000001ac T C3Di_EffectBind
00103d88 00000028 T AttrInfo_Init
00103db0 00000098 T AttrInfo_AddLoader
00103e48 00000054 T C3D_SetAttrInfo
00103e9c 00000080 T C3Di_AttrInfoBind
00103f1c 000000a8 T C3D_ImmSendAttrib
00103fc4 0000029c T C3D_UpdateUniforms
00104260 000000c0 T C3Di_DirtyUniforms
00104320 000000d8 T C3Di_LoadShaderUniforms
001043f8 00000028 T C3Di_ClearShaderUniforms
00104420 000000cc T Mtx_Ortho
001044ec 000000cc T Mtx_OrthoTilt
001045b8 00000024 t addrMapNodeComparator(rbtree_node const*, rbtree_node const*)
001045dc 00000004 t addrMapNodeDestructor(rbtree_node*)
001045e0 00000114 T vramMemAlign
001046f4 00000008 T vramAlloc
001046fc 0000005c T vramFree
00104758 00000024 t addrMapNodeComparator(rbtree_node const*, rbtree_node const*)
0010477c 00000004 t addrMapNodeDestructor(rbtree_node*)
00104780 00000120 T linearMemAlign
001048a0 00000008 T linearAlloc
001048a8 0000005c T linearFree
00104904 00000084 T MemPool::CoalesceRight(MemBlock*)
00104988 00000170 T MemPool::Allocate(MemChunk&, unsigned long, int)
00104af8 000000fc T MemPool::Deallocate(MemChunk const&)
00104bf4 00000008 t romfs_close
00104bfc 000000c8 t romfs_seek
00104cc4 00000024 t romfs_dirreset
00104ce8 000000c8 t fill_dir
00104db0 000002b0 t romfs_dirnext
00105060 00000084 t romfs_free
001050e4 000000d4 t searchForFile.constprop.0
001051b8 000000d8 t searchForDir.constprop.0
00105290 000001c0 t navigateToDir.constprop.0
00105450 00000128 t romfs_open
00105578 0000004c t romfs_chdir
001055c4 00000070 t romfs_diropen
00105634 0000017c t romfs_stat
001057b0 00000008 t romfs_dirclose
001057b8 0000007c t romfs_fstat
00105834 000000d4 t romfs_read
00105908 00000290 T romfsMountFromFile
00105b98 00000098 T romfsMountFromCurrentProcess
00105c30 0000025c T romfsMountSelf
00105e8c 000000ac T romfsUnmount
00105f38 00000074 T osConvertVirtToPhys
00105fac 00000054 T osGetTimeRef
00106000 000000e4 T osGetTime
001060e4 00000074 T __libctru_gtod
00106158 00000034 T __ctru_speedup_config
0010618c 000000d0 t gfxPresentFramebuffer
0010625c 0000001c T gfxIsWide
00106278 000000ec T gfxSetScreenFormat
00106364 00000108 T gfxInit
0010646c 00000010 T gfxInitDefault
0010647c 000000b4 T gfxExit
00106530 000000a0 T gfxGetFramebuffer
001065d0 00000030 T gfxScreenSwapBuffers
00106600 000001e0 T shaderInstanceInit
001067e0 00000018 T shaderInstanceGetUniformLocation
001067f8 0000001c T shaderProgramInit
00106814 00000064 T shaderProgramFree
00106878 00000080 T shaderProgramSetVsh
001068f8 000008c0 T shaderProgramConfigure
001071b8 000001f8 t DVLE_GenerateOutmap.part.0
001073b0 000001cc T DVLB_ParseFile
0010757c 00000038 T DVLB_Free
001075b4 00000074 T DVLE_GetUniformRegister
00107628 00000010 T GX_BindQueue
00107638 00000078 T GX_ProcessCommandList
001076b0 00000074 T GX_MemoryFill
00107724 00000070 T GX_DisplayTransfer
00107794 00000068 t gxCmdQueueDoCommands.part.0
001077fc 000000c8 T gxCmdQueueInterrupt
001078c4 0000004c T gxCmdQueueClear
00107910 000000f8 T gxCmdQueueAdd
00107a08 00000080 T gxCmdQueueRun
00107a88 00000060 T gxCmdQueueStop
00107ae8 00000074 T gxCmdQueueWait
00107b5c 0000013c T GPUCMD_Add
00107c98 000000ac T GPUCMD_Split
00107d44 00000040 T f32tof16
00107d84 00000040 T f32tof24
00107dc4 00000044 T f32tof31
00107e08 00000c58 t gspHardwareInit
00108a60 00000254 T gspInit
00108cb4 000000f0 T gspExit
00108da4 00000010 T gspHasGpuRight
00108db4 00000098 T gspPresentBuffer
00108e4c 00000030 T gspSetEventCallback
00108e7c 00000050 T gspWaitForEvent
00108ecc 0000004c T gspWaitForAnyEvent
00108f18 00000160 t gspEventThreadMain
00109078 00000130 T gspSubmitGxCommand
001091a8 00000050 T GSPGPU_FlushDataCache
001091f8 00000034 T GSPGPU_SetLcdForceBlack
0010922c 00000068 T GSPGPU_AcquireRight
00109294 00000048 T GSPGPU_ReleaseRight
001092dc 0000007c T GSPGPU_ImportDisplayCaptureInfo
00109358 0000002c T GSPGPU_SaveVramSysArea
00109384 0000002c T GSPGPU_RestoreVramSysArea
001093b0 000001b0 t aptConvertScreenForCapture
00109560 00000008 W aptDspSleep
00109568 00000004 W aptDspWakeup
0010956c 00000004 W aptDspCancel
00109570 0000015c T aptSendCommand
001096cc 00000038 t aptExitProcess
00109704 000002f0 T aptExit
001099f4 000000d8 T aptHandleSleep
00109acc 00000030 T aptHook
00109afc 00000030 T aptUnhook
00109b2c 00000084 T APT_SleepIfShellClosed
00109bb0 00000084 T aptSetSleepAllowed
00109c34 00000084 T APT_UnlockTransition
00109cb8 00000484 t aptEventHandler
0010a13c 000000b0 T APT_ReceiveParameter
0010a1ec 000000b0 t aptReceiveParameter.constprop.0
0010a2a0 000002bc t aptScreenTransfer
0010a55c 000002d0 t aptWaitForWakeUp.isra.0
0010a82c 000000f8 T aptJumpToHomeMenu
0010a924 0000004c T aptMainLoop
0010a970 00000234 T aptInit
0010aba4 0000007c T APT_CheckNew3DS
0010ac20 00000024 W hidShouldUseIrrst
0010ac44 0000018c T hidInit
0010add0 000000e8 T hidExit
0010aeb8 00000294 T hidScanInput
0010b14c 00000010 T hidKeysDown
0010b15c 00000074 T ptmSysmInit
0010b1d0 0000003c T ptmSysmExit
0010b20c 00000034 T PTMSYSM_ConfigureNew3DSCPU
0010b240 000000c8 T fsInit
0010b308 0000003c T fsExit
0010b344 00000060 T fsExemptFromSession
0010b3a4 00000050 T fsUnexemptFromSession
0010b3f4 000000cc T FSUSER_OpenFile
0010b4c0 000000d4 T FSUSER_OpenFileDirectly
0010b594 000000bc T FSUSER_DeleteFile
0010b650 000000f8 T FSUSER_RenameFile
0010b748 000000bc T FSUSER_DeleteDirectory
0010b804 000000d4 T FSUSER_CreateFile
0010b8d8 000000c4 T FSUSER_CreateDirectory
0010b99c 000000f8 T FSUSER_RenameDirectory
0010ba94 000000b4 T FSUSER_OpenDirectory
0010bb48 00000094 T FSUSER_OpenArchive
0010bbdc 0000008c T FSUSER_CloseArchive
0010bc68 00000074 T FSUSER_GetSdmcArchiveResource
0010bcdc 00000064 T FSUSER_IsSdmcWritable
0010bd40 00000058 T FSFILE_Read
0010bd98 00000060 T FSFILE_Write
0010bdf8 00000038 T FSFILE_GetSize
0010be30 00000028 T FSFILE_SetSize
0010be58 0000003c T FSFILE_Close
0010be94 00000024 T FSFILE_Flush
0010beb8 00000050 T FSDIR_Read
0010bf08 0000003c T FSDIR_Close
0010bf44 00000010 T rbtree_init
0010bf54 000001a0 t do_insert
0010c0f4 00000008 T rbtree_insert
0010c0fc 00000090 T rbtree_rotate
0010c18c 00000338 T rbtree_remove
0010c4c4 00000074 T rbtree_find
0010c538 000000e8 T utf16_to_utf8
0010c620 00000064 T decode_utf16
0010c684 000000c0 T utf8_to_utf16
0010c748 000001e0 W __system_allocateHeaps
0010c928 00000038 W __libctru_init
0010c960 000000f0 W __system_initArgv
0010ca50 T svcControlMemory
0010ca70 T svcQueryMemory
0010caa0 T svcExitProcess
0010caa8 T svcCreateThread
0010cac8 T svcExitThread
0010cad0 T svcSleepThread
0010cad8 T svcReleaseMutex
0010cae0 T svcCreateEvent
0010caf4 T svcSignalEvent
0010cafc T svcClearEvent
0010cb04 T svcMapMemoryBlock
0010cb0c T svcUnmapMemoryBlock
0010cb14 T svcCreateAddressArbiter
0010cb28 T svcArbitrateAddressNoTimeout
0010cb30 T svcCloseHandle
0010cb38 T svcWaitSynchronization
0010cb40 T svcWaitSynchronizationN
0010cb68 T svcDuplicateHandle
0010cb7c T svcGetSystemTick
0010cb84 T svcConnectToPort
0010cb98 T svcSendSyncRequest
0010cba0 T svcGetResourceLimit
0010cbb4 T svcGetResourceLimitLimitValues
0010cbbc T svcGetResourceLimitCurrentValues
0010cbc4 T svcBreak
0010cbcc W initSystem
0010cc1c W __ctru_exit
0010cc34 T __aeabi_read_tp
0010cc40 0000000c T __sync_init
0010cc4c 00000018 T __sync_fini
0010cc64 0000002c T syncArbitrateAddress
0010cc90 0000001c T LightLock_Init
0010ccac 00000094 T LightLock_Lock
0010cd40 00000044 T LightLock_TryLock
0010cd84 00000040 T LightLock_Unlock
0010cdc4 00000024 T RecursiveLock_Init
0010cde8 00000030 T RecursiveLock_Lock
0010ce18 00000078 T RecursiveLock_TryLock
0010ce90 00000054 T RecursiveLock_Unlock
0010cee4 00000040 T LightEvent_Init
0010cf24 000000a4 T LightEvent_Clear
0010cfc8 000000c8 T LightEvent_Signal
0010d090 00000058 T LightEvent_TryWait
0010d0e8 000000b0 T LightEvent_Wait
0010d198 00000084 W envGetHandle
0010d21c 00000050 W envDestroyHandles
0010d26c 00000124 T srvInit
0010d390 00000058 T srvExit
0010d3e8 00000080 T srvGetServiceHandleDirect
0010d468 00000048 T srvGetServiceHandle
0010d4b0 00000038 T srvPublishToSubscriber
0010d4e8 00000188 T threadCreate
0010d670 0000002c T threadFree
0010d69c 00000024 T threadJoin
0010d6c0 00000030 T threadGetCurrent
0010d6f0 00000040 T threadExit
0010d730 00000044 t _thread_begin
0010d774 00000094 t mappableFindAddressWithin
0010d808 00000028 T mappableInit
0010d830 00000080 T mappableAlloc
0010d8b0 00000004 T mappableFree
0010d8b4 00000160 T irrstInit
0010da14 000000cc T irrstExit
0010dae0 000000b0 T irrstScanInput
0010db90 00000024 T irrstKeysHeld
0010dbb4 0000000c T srvPmGetSessionHandle
0010dbc0 00000050 T rbtree_node_next
0010dc10 00000060 T encode_utf16
0010dc70 000000fc T encode_utf8
0010dd6c 0000013c T decode_utf8
0010dea8 00000030 W __appInit
0010ded8 00000030 t __libctru_nanosleep
0010df08 00000030 t __libctru_get_reent
0010df38 000000f8 T __system_initSyscalls
0010e030 00000030 W __appExit
0010e060 00000090 W __libctru_exit
0010e0f0 00000014 t archive_link
0010e104 00000014 t archive_dirreset
0010e118 00000014 t archive_chmod
0010e12c 00000024 t error_cmp
0010e150 00000050 t archive_translate_error
0010e1a0 000000d4 t archive_seek
0010e274 0000007c t _archiveInit.part.0
0010e2f0 0000008c t archiveFindDevice.part.0
0010e37c 00000294 t archive_utf16path
0010e610 000000a0 t _archiveUnmountDeviceStruct.part.0
0010e6b0 00000014 t archive_fchmod
0010e6c4 00000014 t archive_statvfs
0010e6d8 00000158 t _archiveMountDevice
0010e830 000000e8 t archive_diropen
0010e918 000000a4 t archive_fstat
0010e9bc 0000006c t archive_close
0010ea28 0000006c t archive_fsync
0010ea94 00000070 t archive_dirclose
0010eb04 000000e8 t sdmc_statvfs
0010ebec 00000080 t archive_ftruncate
0010ec6c 000000fc t archive_chdir
0010ed68 000000b0 t archive_read
0010ee18 000000ac t archive_unlink
0010eec4 000000c8 t archive_rmdir
0010ef8c 000000ec t archive_mkdir
0010f078 000001a8 t archive_stat
0010f220 00000184 t archive_rename
0010f3a4 00000168 t archive_dirnext
0010f50c 0000012c t archive_write
0010f638 000001f0 t archive_open
0010f828 000001a4 T archiveMountSdmc
0010f9cc 00000054 T archiveUnmountAll
0010fa20 00000120 T __udivmoddi4
0010fb40 00000078 T bsearch
0010fbb8 00000028 T calloc
0010fbe0 00000094 T _calloc_r
0010fc74 0000000c T __errno
0010fc80 00000034 T exit
0010fcb4 00000160 T _fclose_r
0010fe14 00000020 T fclose
0010fe34 00000258 T __sflush_r
0011008c 00000094 T _fflush_r
00110120 00000038 T fflush
00110158 0000000c T _cleanup_r
00110164 00000184 T __sinit
001102e8 00000134 T __sfp
0011041c 0000000c T __sfp_lock_acquire
00110428 0000000c T __sfp_lock_release
00110434 0000003c T __libc_fini_array
00110470 00000140 T _fopen_r
001105b0 00000028 T fopen
001105d8 000002d0 T _fread_r
001108a8 00000038 T fread
001108e0 000000f8 T _malloc_trim_r
001109d8 000002e4 T _free_r
00110cbc 0000001c T _fseek_r
00110cd8 000004f8 T _fseeko_r
001111d0 000001bc T _ftello_r
0011138c 00000068 T _fwalk
001113f4 00000070 T _fwalk_reent
00111464 0000007c T __libc_init_array
001114e0 00000138 T __smakebuf_r
00111618 00000028 T memalign
00111640 00000148 T _memalign_r
00111788 00000020 T malloc
001117a8 00000020 T free
001117c8 000007f0 T _malloc_r
00111fb8 000000a8 T memcmp
00112060 0000011c T memcpy
0011217c 00000118 T memset
00112294 0000000c T __malloc_lock
001122a0 0000000c T __malloc_unlock
001122ac 0000001c T srand
001122c8 00000044 T rand
0011230c 0000001c t lflush
00112328 000001ac T __srefill_r
001124d4 00000044 T __sread
00112518 00000068 T __swrite
00112580 00000048 T __sseek
001125c8 00000008 T __sclose
001125d0 00000144 T strchr
00112714 0000005c T strlen
00112770 000000ec T strncat
0011285c 000000dc T strncmp
00112938 000000c0 T strncpy
001129f8 00000048 T strnlen
00112a40 0000003c T time
00112a7c 00000114 T __call_exitprocs
00112b90 000000c8 T __sflags
00112c58 00000008 t null_write
00112c60 00000018 T setDefaultDevice
00112c78 000000c8 T FindDevice
00112d40 00000028 T RemoveDevice
00112d68 0000009c T AddDevice
00112e04 00000020 T GetDeviceOpTab
00112e24 00000078 T _fstat_r
00112e9c 00000038 T _gettimeofday_r
00112ed4 00000008 T _isatty_r
00112edc 00000084 T _lseek_r
00112f60 000000c8 T _open_r
00113028 00000080 T _read_r
001130a8 00000078 T _sbrk_r
00113120 00000080 T _write_r
001131a0 00000024 T _exit
001131c4 000001b8 T _concatenate_path
0011337c 00000160 T chdir
001134dc 00000008 T __flockfile
001134e4 00000008 T __funlockfile
001134ec 00000018 T __libc_lock_acquire
00113504 00000018 T __libc_lock_release
0011351c 00000018 T __libc_lock_init_recursive
00113534 00000018 T __libc_lock_acquire_recursive
0011354c 00000018 T __libc_lock_release_recursive
00113564 00000018 T __libc_lock_close_recursive
0011357c 0000008c T __release_handle
00113608 000000b4 T __alloc_handle
001136bc 0000003c T __get_handle
001136f8 000000f4 T _close_r
001137ec 00000028 T __getreent
00113814 00000044 T strrchr
00113858 T _fini
00114050 R render2d_shbin
001141dc R render2d_shbin_end
001141dc R render2d_shbin_size
001141e0 00000005 r colorFmtSizes
001141e8 00000004 r depthFmtSizes
001141ec 00000010 r CSWTCH.9
00114220 00000070 r romFS_devoptab
001142b4 00000008 r morton_x.3
001142bc 00000008 r morton_y.2
001142c4 00000008 r s_sleepWakeEvents.4
00114324 00000070 r archive_devoptab
00114394 00000030 r error_table
001143c4 00000004 R _global_impure_ptr
001143c8 00000070 R dotab_stdnull
00114438 00000101 R _ctype_
0011453c r 
0011453c R __exidx_end
0011453c R __exidx_start
00115000 00000004 d framerate
00115004 00000008 d framerateCounter
0011500c 00000004 d queueLock
00115010 00000004 d kCount
00115014 00000004 d kDelay
00115018 00000004 d kInterval
0011501c W __stacksize__
00115020 0000000c d __sfp_recursive_mutex
0011502c 0000000c d __sinit_recursive_mutex
00115038 00000004 D _impure_ptr
00115040 00000460 d impure_data
001154a0 00000408 D __malloc_av_
001158a8 00000004 D __malloc_sbrk_base
001158ac 00000004 D __malloc_trim_threshold
001158b0 0000000c d __malloc_recursive_mutex
001158bc 0000000c D __atexit_recursive_mutex
001158c8 00000004 d defaultDevice
001158cc 0000008c D devoptab_list
00115958 00000400 d _current_working_directory
00115d58 00000004 d __hndl_lock
00115d5c 0000000c d __stderr_handle
00115d68 0000000c d __stdin_handle
00115d74 0000000c d __stdout_handle
00115d80 00001000 d handles
00116d88 d _GLOBAL_OFFSET_TABLE_
00116d94 d __frame_dummy_init_array_entry
00116d94 D __init_array_start
00116d94 B __preinit_array_end
00116d94 B __preinit_array_start
00116d94 D __tdata_lma
00116d94 D __tdata_lma_end
00116d98 d __do_global_dtors_aux_fini_array_entry
00116d98 D __fini_array_start
00116d98 D __init_array_end
00116d9c D __bss_start__
00116d9c b completed.1
00116d9c D __fini_array_end
00116da0 b object.0
00116db8 000005a0 B __C2Di_Context
00117358 00000040 b s_projBot
00117398 00000040 b s_projTop
001173d8 00000004 b uLoc_mdlvMtx
001173dc 00000004 b uLoc_projMtx
001173e0 000002d0 B __C3D_Context
001176b0 0000000c b hookCookie
001176c0 00000010 b cpuTime
001176d0 00000004 b firstTarget
001176d4 00000008 b frameCounter
001176dc 00000004 b frameEndCb
001176e0 00000004 b frameEndCbData
001176e8 00000010 b gpuTime
001176f8 00000001 b inFrame
001176f9 00000001 b inSafeTransfer
001176fa 00000001 b isTopStereo
001176fc 00000004 b lastTarget
00117700 0000000c b linkedTarget
0011770c 00000001 b measureGpuTime
0011770d 00000001 b needSwapBot
0011770e 00000001 b needSwapTop
00117710 00000004 B C3D_BoolUnifs
00117714 00000002 B C3D_BoolUnifsDirty
00117718 00000c00 B C3D_FVUnif
00118318 000000c0 B C3D_FVUnifDirty
001183d8 00000020 B C3D_IVUnif
001183f8 00000008 B C3D_IVUnifDirty
00118400 000000c0 b C3Di_FVUnifEverDirty
001184c0 00000008 b C3Di_IVUnifEverDirty
001184c8 00000018 b C3Di_ShaderFVecData
001184e0 0000000c b sAddrMap
001184ec 00000008 b sVramPool
001184f4 00000008 b sLinearPool
001184fc 0000000c b sAddrMap
00118508 00000004 V __romfs_path
0011850c 00000004 b romfs_mount_list
00118510 00000001 V __ctru_speedup
00118514 00000004 b gfxBottomFramebufferMaxSize
00118518 00000008 b gfxBottomFramebuffers
00118520 00000002 b gfxCurBuf
00118524 00000002 b gfxFramebufferFormats
00118528 00000002 b gfxIsDoubleBuf
0011852a 00000001 b gfxIsVram
0011852c 00000004 b gfxTopFramebufferMaxSize
00118530 00000008 b gfxTopFramebuffers
00118538 00000001 b gfxTopMode
0011853c 00000004 b screenAlloc
00118540 00000004 b screenFree
00118544 00000004 b boundQueue
00118548 00000004 b curQueue
0011854c 00000001 b isActive
0011854d 00000001 b isRunning
0011854e 00000001 b shouldStop
00118550 00000004 B gpuCmdBuf
00118554 00000004 B gpuCmdBufOffset
00118558 00000004 B gpuCmdBufSize
0011855c 00000004 b gspEvent
00118560 0000001c b gspEventCb
0011857c 0000001c b gspEventCbData
00118598 00000007 b gspEventCbOneShot
001185a0 00000004 b gspEventThread
001185a4 00000038 b gspEvents
001185dc 00000004 b gspGpuHandle
001185e0 00000001 b gspGpuRight
001185e4 00000004 b gspLastEvent
001185e8 00000004 b gspRefCount
001185ec 00000001 b gspRunEvents
001185f0 00000004 b gspSharedMem
001185f4 00000004 b gspSharedMemHandle
001185f8 00000001 b gspThreadId
001185f9 00000001 b aptChainloadFlags
001185fa 00000001 b aptChainloadMediatype
00118600 00000008 b aptChainloadTid
00118608 00000004 b aptEventHandlerThread
0011860c 00000001 b aptEventHandlerThreadQuit
00118610 00000008 b aptEvents
00118618 0000000c b aptFirstHook
00118624 00000004 b aptFlags
00118628 00000001 b aptHomeButtonState
0011862c 00000004 b aptLockHandle
00118630 00000004 b aptMessageFunc
00118634 00000004 b aptMessageFuncData
00118638 00001000 b aptParameters
00119638 00000008 b aptReceiveEvent
00119640 00000004 b aptRefCount
00119644 00000008 b aptSleepEvent
0011964c 00000001 b flagInit.1
0011964d 00000001 b flagValue.0
00119650 00000004 b serviceName.6
00119654 00000006 b aVec
0011965c 00000004 b cPos
00119660 00000006 b gRate
00119668 00000014 B hidEvents
0011967c 00000004 B hidHandle
00119680 00000004 B hidMemHandle
00119684 00000004 b hidRefCount
00119688 00000004 B hidSharedMem
0011968c 00000004 b kDown
00119690 00000004 b kHeld
00119694 00000004 b kOld
00119698 00000004 b kRepeat
0011969c 00000004 b kUp
001196a0 00000004 b tPos
001196a4 00000001 b usingIrrst
001196a8 00000004 b ptmSysmHandle
001196ac 00000004 b ptmSysmRefCount
001196b0 00000080 b fsExemptArchives
00119730 00000004 b fsuHandle
00119734 00000004 b fsuRefCount
00119738 00000004 B __ctru_heap
0011973c 00000004 V __ctru_heap_size
00119740 00000004 B __ctru_linear_heap
00119744 00000004 V __ctru_linear_heap_size
00119748 00000004 B __system_retAddr
0011974c 00000004 B __system_argc
00119750 00000004 B __system_argv
00119754 b saved_stack
0011975c 00000004 b arbiter
00119760 00000004 b srvHandle
00119764 00000004 b srvRefCount
00119768 00000004 b currentAddr
0011976c 00000004 b maxAddr
00119770 00000004 b minAddr
00119774 00000004 b csPos
00119778 00000004 B irrstEvent
0011977c 00000004 B irrstHandle
00119780 00000004 B irrstMemHandle
00119784 00000004 b irrstRefCount
00119788 00000004 B irrstSharedMem
0011978c 00000004 b kHeld
00119790 00000004 b srvPmHandle
00119794 00000004 b archive_device_cwd
00119798 00000540 b archive_devices
00119cd8 00000001 b archive_initialized
00119cdc 00000028 B __malloc_current_mallinfo
00119d04 00000004 B __malloc_max_sbrked_mem
00119d08 00000004 B __malloc_max_total_mem
00119d0c 00000004 B __malloc_top_pad
00119d10 00000004 b heap_start.0
00119d14 00000004 B fake_heap_end
00119d18 00000004 B fake_heap_start
00119d1c 00000400 b temp_cwd
0011a11c 00000048 B __syscalls
0011a164 B __tls_start
0011ad6c B __bss_end__
0011ad6c A __end__
0011ad6c B __tls_end
